
> react-typescript-starter@0.1.0 test
> react-scripts test --coverage

Browserslist: caniuse-lite is outdated. Please run:
  npx browserslist@latest --update-db
  Why you should do it regularly: https://github.com/browserslist/browserslist#browsers-data-updating
Browserslist: caniuse-lite is outdated. Please run:
  npx browserslist@latest --update-db
  Why you should do it regularly: https://github.com/browserslist/browserslist#browsers-data-updating
PASS src/Components/course.test.tsx
PASS src/App.test.tsx
-----------------------|---------|----------|---------|---------|------------------------------------------------------------------
File                   | % Stmts | % Branch | % Funcs | % Lines | Uncovered Line #s                                                
-----------------------|---------|----------|---------|---------|------------------------------------------------------------------
All files              |   39.13 |       35 |      40 |   39.32 |                                                                  
 src                   |     100 |      100 |     100 |     100 |                                                                  
  App.tsx              |     100 |      100 |     100 |     100 |                                                                  
 src/Components        |   42.33 |       35 |   39.13 |   42.59 |                                                                  
  CourseEdit.tsx       |       0 |      100 |       0 |       0 | 17-72                                                            
  DisplayFall.tsx      |     100 |      100 |     100 |     100 |                                                                  
  DisplaySpring.tsx    |       0 |      100 |       0 |       0 | 48-62                                                            
  Requirements.tsx     |       0 |        0 |       0 |       0 |                                                                  
  Semester.tsx         |   25.64 |    13.63 |   17.39 |   25.64 | 67,77-96,104-197,274-314,326-330,335-336,341-346,350-359,400-402 
  clearingCourse.tsx   |       0 |        0 |       0 |       0 | 20-28                                                            
  clearingSemester.tsx |     100 |      100 |     100 |     100 |                                                                  
  course.tsx           |   43.47 |       25 |   44.44 |    40.9 | 46,48,60-86                                                      
  draggingCourses.tsx  |       0 |        0 |       0 |       0 |                                                                  
  dragndrop.tsx        |       0 |        0 |       0 |       0 | 5-59                                                             
  dropAdd.tsx          |     100 |      100 |     100 |     100 |                                                                  
  plan.tsx             |     100 |      100 |     100 |     100 |                                                                  
 src/Interfaces        |       0 |      100 |     100 |       0 |                                                                  
  course.ts            |       0 |        0 |       0 |       0 |                                                                  
  plan.ts              |       0 |        0 |       0 |       0 |                                                                  
  requirements.ts      |       0 |      100 |     100 |       0 | 8-226                                                            
  semester.ts          |       0 |        0 |       0 |       0 |                                                                  
-----------------------|---------|----------|---------|---------|------------------------------------------------------------------

Test Suites: 2 passed, 2 total
Tests:       2 passed, 2 total
Snapshots:   0 total
Time:        3.413 s
Ran all test suites.
